<?xml version="1.0" encoding="UTF-8"?>
<!-- Generated by org.testng.reporters.JUnitReportReporter -->
<testsuite hostname="INBASDPC06335" failures="0" tests="1" name="login.logintest" time="4.251" errors="0" timestamp="10 Jan 2019 14:09:47 GMT" skipped="0">
  <testcase classname="login.logintest" name="test" time="4.251"/>
</testsuite> <!-- login.logintest -->
