<?xml version="1.0" encoding="UTF-8"?>
<!-- Generated by org.testng.reporters.JUnitReportReporter -->
<testsuite hostname="INBASDPC06335" failures="0" tests="1" name="pack.logintest" time="4.594" errors="0" timestamp="11 Jan 2019 05:37:36 GMT" skipped="0">
  <testcase classname="pack.logintest" name="test" time="4.594"/>
</testsuite> <!-- pack.logintest -->
