<?xml version="1.0" encoding="UTF-8"?>
<!-- Generated by org.testng.reporters.JUnitReportReporter -->
<testsuite hostname="INBASDPC06335" failures="0" tests="1" name="login.logintest" time="4.899" errors="0" timestamp="11 Jan 2019 07:02:49 GMT" skipped="0">
  <testcase classname="login.logintest" name="test" time="4.899"/>
</testsuite> <!-- login.logintest -->
